Determining if the pthread_create exist failed with the following output:
Change Dir: /home/gusmin_m/CLionProjects/cpp_spider/CMakeFiles/CMakeTmp

Run Build Command:"/usr/bin/gmake" "cmTC_77516/fast"
/usr/bin/gmake -f CMakeFiles/cmTC_77516.dir/build.make CMakeFiles/cmTC_77516.dir/build
gmake[1]: Entering directory '/home/gusmin_m/CLionProjects/cpp_spider/CMakeFiles/CMakeTmp'
Building C object CMakeFiles/cmTC_77516.dir/CheckSymbolExists.c.o
/usr/bin/cc    -o CMakeFiles/cmTC_77516.dir/CheckSymbolExists.c.o   -c /home/gusmin_m/CLionProjects/cpp_spider/CMakeFiles/CMakeTmp/CheckSymbolExists.c
Linking C executable cmTC_77516
/home/gusmin_m/Downloads/clion-2017.2.2/bin/cmake/bin/cmake -E cmake_link_script CMakeFiles/cmTC_77516.dir/link.txt --verbose=1
/usr/bin/cc      CMakeFiles/cmTC_77516.dir/CheckSymbolExists.c.o  -o cmTC_77516 
CMakeFiles/cmTC_77516.dir/CheckSymbolExists.c.o: In function `main':
CheckSymbolExists.c:(.text+0x16): undefined reference to `pthread_create'
collect2: error: ld returned 1 exit status
gmake[1]: *** [CMakeFiles/cmTC_77516.dir/build.make:98: cmTC_77516] Error 1
gmake[1]: Leaving directory '/home/gusmin_m/CLionProjects/cpp_spider/CMakeFiles/CMakeTmp'
gmake: *** [Makefile:126: cmTC_77516/fast] Error 2

File /home/gusmin_m/CLionProjects/cpp_spider/CMakeFiles/CMakeTmp/CheckSymbolExists.c:
/* */
#include <pthread.h>

int main(int argc, char** argv)
{
  (void)argv;
#ifndef pthread_create
  return ((int*)(&pthread_create))[argc];
#else
  (void)argc;
  return 0;
#endif
}

Determining if the function pthread_create exists in the pthreads failed with the following output:
Change Dir: /home/gusmin_m/CLionProjects/cpp_spider/CMakeFiles/CMakeTmp

Run Build Command:"/usr/bin/gmake" "cmTC_49f52/fast"
/usr/bin/gmake -f CMakeFiles/cmTC_49f52.dir/build.make CMakeFiles/cmTC_49f52.dir/build
gmake[1]: Entering directory '/home/gusmin_m/CLionProjects/cpp_spider/CMakeFiles/CMakeTmp'
Building C object CMakeFiles/cmTC_49f52.dir/CheckFunctionExists.c.o
/usr/bin/cc   -DCHECK_FUNCTION_EXISTS=pthread_create   -o CMakeFiles/cmTC_49f52.dir/CheckFunctionExists.c.o   -c /home/gusmin_m/Downloads/clion-2017.2.2/bin/cmake/share/cmake-3.8/Modules/CheckFunctionExists.c
Linking C executable cmTC_49f52
/home/gusmin_m/Downloads/clion-2017.2.2/bin/cmake/bin/cmake -E cmake_link_script CMakeFiles/cmTC_49f52.dir/link.txt --verbose=1
/usr/bin/cc  -DCHECK_FUNCTION_EXISTS=pthread_create    CMakeFiles/cmTC_49f52.dir/CheckFunctionExists.c.o  -o cmTC_49f52 -lpthreads 
/usr/lib64/gcc/x86_64-suse-linux/6/../../../../x86_64-suse-linux/bin/ld: cannot find -lpthreads
collect2: error: ld returned 1 exit status
gmake[1]: *** [CMakeFiles/cmTC_49f52.dir/build.make:98: cmTC_49f52] Error 1
gmake[1]: Leaving directory '/home/gusmin_m/CLionProjects/cpp_spider/CMakeFiles/CMakeTmp'
gmake: *** [Makefile:126: cmTC_49f52/fast] Error 2


